<?xml version="1.0" encoding="UTF-8"?>
<!-- Generated by org.testng.reporters.JUnitXMLReporter -->
<testsuite hostname="Manishs-MacBook-Air.local" ignored="0" name="BVT" tests="6" failures="0" timestamp="08 Jan 2018 02:21:27 GMT" time="0.058" errors="0">
  <testcase name="testMethod" time="0.006" classname="testngFiles.Annotation2"/>
  <testcase name="testMethod" time="0.002" classname="testngNew.Annotation2"/>
  <testcase name="browserOpening" time="0.001" classname="testngFiles.TestNGTest"/>
  <testcase name="ticketBooking" time="0.002" classname="testngFiles.TestNGTest"/>
  <testcase name="browserOpening" time="0.003" classname="testngNew.TestNGTest"/>
  <testcase name="ticketBooking" time="0.003" classname="testngNew.TestNGTest"/>
</testsuite> <!-- BVT -->
